{"C:\\Users\\disrct\\Desktop\\nilton\\Testes\\src\\commom\\calc.js": {"path":"C:\\Users\\disrct\\Desktop\\nilton\\Testes\\src\\commom\\calc.js","statementMap":{"0":{"start":{"line":2,"column":4},"end":{"line":2,"column":17}},"1":{"start":{"line":7,"column":4},"end":{"line":7,"column":17}},"2":{"start":{"line":11,"column":4},"end":{"line":11,"column":17}},"3":{"start":{"line":15,"column":4},"end":{"line":15,"column":17}},"4":{"start":{"line":20,"column":26},"end":{"line":20,"column":39}},"5":{"start":{"line":22,"column":17},"end":{"line":22,"column":18}},"6":{"start":{"line":24,"column":4},"end":{"line":30,"column":5}},"7":{"start":{"line":24,"column":15},"end":{"line":24,"column":16}},"8":{"start":{"line":26,"column":8},"end":{"line":28,"column":9}},"9":{"start":{"line":27,"column":12},"end":{"line":27,"column":20}},"10":{"start":{"line":32,"column":4},"end":{"line":34,"column":5}},"11":{"start":{"line":33,"column":8},"end":{"line":33,"column":17}},"12":{"start":{"line":36,"column":4},"end":{"line":42,"column":5}},"13":{"start":{"line":38,"column":8},"end":{"line":38,"column":23}},"14":{"start":{"line":41,"column":8},"end":{"line":41,"column":24}},"15":{"start":{"line":44,"column":4},"end":{"line":44,"column":18}},"16":{"start":{"line":50,"column":18},"end":{"line":50,"column":22}},"17":{"start":{"line":51,"column":14},"end":{"line":51,"column":15}},"18":{"start":{"line":52,"column":16},"end":{"line":52,"column":17}},"19":{"start":{"line":55,"column":21},"end":{"line":55,"column":32}},"20":{"start":{"line":57,"column":4},"end":{"line":59,"column":5}},"21":{"start":{"line":58,"column":8},"end":{"line":58,"column":24}},"22":{"start":{"line":60,"column":4},"end":{"line":60,"column":37}},"23":{"start":{"line":63,"column":4},"end":{"line":67,"column":5}},"24":{"start":{"line":63,"column":16},"end":{"line":63,"column":18}},"25":{"start":{"line":65,"column":8},"end":{"line":65,"column":50}},"26":{"start":{"line":66,"column":8},"end":{"line":66,"column":16}},"27":{"start":{"line":69,"column":4},"end":{"line":69,"column":25}},"28":{"start":{"line":71,"column":4},"end":{"line":74,"column":5}},"29":{"start":{"line":73,"column":8},"end":{"line":73,"column":18}},"30":{"start":{"line":76,"column":4},"end":{"line":79,"column":5}},"31":{"start":{"line":78,"column":8},"end":{"line":78,"column":23}},"32":{"start":{"line":80,"column":4},"end":{"line":80,"column":22}},"33":{"start":{"line":81,"column":4},"end":{"line":81,"column":25}},"34":{"start":{"line":85,"column":4},"end":{"line":85,"column":12}},"35":{"start":{"line":86,"column":4},"end":{"line":86,"column":14}},"36":{"start":{"line":87,"column":4},"end":{"line":87,"column":14}},"37":{"start":{"line":89,"column":4},"end":{"line":93,"column":5}},"38":{"start":{"line":89,"column":16},"end":{"line":89,"column":18}},"39":{"start":{"line":91,"column":8},"end":{"line":91,"column":50}},"40":{"start":{"line":92,"column":8},"end":{"line":92,"column":16}},"41":{"start":{"line":95,"column":4},"end":{"line":95,"column":20}},"42":{"start":{"line":97,"column":4},"end":{"line":97,"column":25}},"43":{"start":{"line":99,"column":4},"end":{"line":99,"column":22}},"44":{"start":{"line":101,"column":4},"end":{"line":104,"column":5}},"45":{"start":{"line":103,"column":8},"end":{"line":103,"column":18}},"46":{"start":{"line":106,"column":4},"end":{"line":109,"column":5}},"47":{"start":{"line":108,"column":8},"end":{"line":108,"column":23}},"48":{"start":{"line":110,"column":4},"end":{"line":110,"column":25}},"49":{"start":{"line":112,"column":4},"end":{"line":112,"column":19}},"50":{"start":{"line":114,"column":0},"end":{"line":114,"column":81}}},"fnMap":{"0":{"name":"Soma","decl":{"start":{"line":1,"column":9},"end":{"line":1,"column":13}},"loc":{"start":{"line":1,"column":18},"end":{"line":3,"column":5}},"line":1},"1":{"name":"Subtracao","decl":{"start":{"line":6,"column":9},"end":{"line":6,"column":18}},"loc":{"start":{"line":6,"column":23},"end":{"line":8,"column":1}},"line":6},"2":{"name":"Multiplicacao","decl":{"start":{"line":10,"column":9},"end":{"line":10,"column":22}},"loc":{"start":{"line":10,"column":27},"end":{"line":12,"column":1}},"line":10},"3":{"name":"Divisao","decl":{"start":{"line":14,"column":9},"end":{"line":14,"column":16}},"loc":{"start":{"line":14,"column":21},"end":{"line":16,"column":1}},"line":14},"4":{"name":"Primos","decl":{"start":{"line":18,"column":9},"end":{"line":18,"column":15}},"loc":{"start":{"line":19,"column":0},"end":{"line":45,"column":1}},"line":19},"5":{"name":"validate_cpf","decl":{"start":{"line":48,"column":9},"end":{"line":48,"column":21}},"loc":{"start":{"line":49,"column":0},"end":{"line":113,"column":1}},"line":49}},"branchMap":{"0":{"loc":{"start":{"line":26,"column":8},"end":{"line":28,"column":9}},"type":"if","locations":[{"start":{"line":26,"column":8},"end":{"line":28,"column":9}},{"start":{},"end":{}}],"line":26},"1":{"loc":{"start":{"line":32,"column":4},"end":{"line":34,"column":5}},"type":"if","locations":[{"start":{"line":32,"column":4},"end":{"line":34,"column":5}},{"start":{},"end":{}}],"line":32},"2":{"loc":{"start":{"line":32,"column":7},"end":{"line":32,"column":28}},"type":"binary-expr","locations":[{"start":{"line":32,"column":7},"end":{"line":32,"column":11}},{"start":{"line":32,"column":13},"end":{"line":32,"column":17}},{"start":{"line":32,"column":19},"end":{"line":32,"column":28}}],"line":32},"3":{"loc":{"start":{"line":36,"column":4},"end":{"line":42,"column":5}},"type":"if","locations":[{"start":{"line":36,"column":4},"end":{"line":42,"column":5}},{"start":{"line":40,"column":8},"end":{"line":42,"column":5}}],"line":36},"4":{"loc":{"start":{"line":57,"column":4},"end":{"line":59,"column":5}},"type":"if","locations":[{"start":{"line":57,"column":4},"end":{"line":59,"column":5}},{"start":{},"end":{}}],"line":57},"5":{"loc":{"start":{"line":71,"column":4},"end":{"line":74,"column":5}},"type":"if","locations":[{"start":{"line":71,"column":4},"end":{"line":74,"column":5}},{"start":{},"end":{}}],"line":71},"6":{"loc":{"start":{"line":76,"column":4},"end":{"line":79,"column":5}},"type":"if","locations":[{"start":{"line":76,"column":4},"end":{"line":79,"column":5}},{"start":{},"end":{}}],"line":76},"7":{"loc":{"start":{"line":101,"column":4},"end":{"line":104,"column":5}},"type":"if","locations":[{"start":{"line":101,"column":4},"end":{"line":104,"column":5}},{"start":{},"end":{}}],"line":101},"8":{"loc":{"start":{"line":106,"column":4},"end":{"line":109,"column":5}},"type":"if","locations":[{"start":{"line":106,"column":4},"end":{"line":109,"column":5}},{"start":{},"end":{}}],"line":106}},"s":{"0":1,"1":1,"2":1,"3":1,"4":1,"5":1,"6":1,"7":1,"8":6,"9":3,"10":1,"11":1,"12":1,"13":1,"14":0,"15":1,"16":1,"17":1,"18":1,"19":1,"20":1,"21":0,"22":1,"23":1,"24":1,"25":9,"26":9,"27":1,"28":1,"29":0,"30":1,"31":0,"32":1,"33":1,"34":1,"35":1,"36":1,"37":1,"38":1,"39":10,"40":10,"41":1,"42":1,"43":1,"44":1,"45":0,"46":1,"47":0,"48":1,"49":1,"50":1},"f":{"0":1,"1":1,"2":1,"3":1,"4":1,"5":1},"b":{"0":[3,3],"1":[1,0],"2":[1,1,1],"3":[1,0],"4":[0,1],"5":[0,1],"6":[0,1],"7":[0,1],"8":[0,1]},"_coverageSchema":"1a1c01bbd47fc00a2c39e90264f33305004495a9","hash":"da914c22f67279b0c1a3c76bf3b00793760d7301"}
}
