TN:
SF:src\commom\calc.js
FN:1,Soma
FN:6,Subtracao
FN:10,Multiplicacao
FN:14,Divisao
FN:18,Primos
FN:48,validate_cpf
FNF:6
FNH:6
FNDA:1,Soma
FNDA:1,Subtracao
FNDA:1,Multiplicacao
FNDA:1,Divisao
FNDA:1,Primos
FNDA:1,validate_cpf
DA:2,1
DA:7,1
DA:11,1
DA:15,1
DA:20,1
DA:22,1
DA:24,1
DA:26,6
DA:27,3
DA:32,1
DA:33,1
DA:36,1
DA:38,1
DA:41,0
DA:44,1
DA:50,1
DA:51,1
DA:52,1
DA:55,1
DA:57,1
DA:58,0
DA:60,1
DA:63,1
DA:65,9
DA:66,9
DA:69,1
DA:71,1
DA:73,0
DA:76,1
DA:78,0
DA:80,1
DA:81,1
DA:85,1
DA:86,1
DA:87,1
DA:89,1
DA:91,10
DA:92,10
DA:95,1
DA:97,1
DA:99,1
DA:101,1
DA:103,0
DA:106,1
DA:108,0
DA:110,1
DA:112,1
DA:114,1
LF:48
LH:42
BRDA:26,0,0,3
BRDA:26,0,1,3
BRDA:32,1,0,1
BRDA:32,1,1,0
BRDA:32,2,0,1
BRDA:32,2,1,1
BRDA:32,2,2,1
BRDA:36,3,0,1
BRDA:36,3,1,0
BRDA:57,4,0,0
BRDA:57,4,1,1
BRDA:71,5,0,0
BRDA:71,5,1,1
BRDA:76,6,0,0
BRDA:76,6,1,1
BRDA:101,7,0,0
BRDA:101,7,1,1
BRDA:106,8,0,0
BRDA:106,8,1,1
BRF:19
BRH:12
end_of_record
